# JRE version: Java(TM) SE Runtime Environment (20.0.1+9) (build 20.0.1+9-29)
# Java VM: Java HotSpot(TM) 64-Bit Server VM (20.0.1+9-29, mixed mode, sharing, tiered, compressed oops, compressed class ptrs, g1 gc, windows-amd64)
GC Precious Log:
 CardTable entry size: 512
 Card Set container configuration: InlinePtr #cards 4 size 8 Array Of Cards #cards 16 size 48 Howl #buckets 8 coarsen threshold 3686 Howl Bitmap #cards 512 size 80 coarsen threshold 460 Card regions per heap region 1 cards per card region 4096
 CPUs: 8 total, 8 available
 Memory: 12087M
 Large Page Support: Disabled
 NUMA Support: Disabled
 Compressed Oops: Enabled (Zero based)
 Heap Region Size: 2M
 Heap Min Capacity: 8M
 Heap Initial Capacity: 190M
 Heap Max Capacity: 3022M
 Pre-touch: Disabled
 Parallel Workers: 8
 Concurrent Workers: 2
 Concurrent Refinement Workers: 8
 Periodic GC: Disabled
Heap:
 garbage-first heap   total 194560K, used 51793K [0x0000000743200000, 0x0000000800000000)
  region size 2048K, 22 young (45056K), 1 survivors (2048K)
 Metaspace       used 14199K, committed 14528K, reserved 1114112K
  class space    used 1531K, committed 1664K, reserved 1048576K
GC Heap History (10 events):
Event: 17.142 GC heap before
{Heap before GC invocations=0 (full 0):
 garbage-first heap   total 194560K, used 30720K [0x0000000743200000, 0x0000000800000000)
  region size 2048K, 11 young (22528K), 0 survivors (0K)
 Metaspace       used 13999K, committed 14336K, reserved 1114112K
  class space    used 1526K, committed 1664K, reserved 1048576K
}
Event: 17.147 GC heap after
{Heap after GC invocations=1 (full 0):
 garbage-first heap   total 194560K, used 14066K [0x0000000743200000, 0x0000000800000000)
  region size 2048K, 2 young (4096K), 2 survivors (4096K)
 Metaspace       used 13999K, committed 14336K, reserved 1114112K
  class space    used 1526K, committed 1664K, reserved 1048576K
}
Event: 17.598 GC heap before
{Heap before GC invocations=1 (full 0):
 garbage-first heap   total 194560K, used 40690K [0x0000000743200000, 0x0000000800000000)
  region size 2048K, 16 young (32768K), 2 survivors (4096K)
 Metaspace       used 14080K, committed 14400K, reserved 1114112K
  class space    used 1529K, committed 1664K, reserved 1048576K
}
Event: 17.603 GC heap after
{Heap after GC invocations=2 (full 0):
 garbage-first heap   total 194560K, used 13199K [0x0000000743200000, 0x0000000800000000)
  region size 2048K, 1 young (2048K), 1 survivors (2048K)
 Metaspace       used 14080K, committed 14400K, reserved 1114112K
  class space    used 1529K, committed 1664K, reserved 1048576K
}
Event: 19.485 GC heap before
{Heap before GC invocations=2 (full 0):
 garbage-first heap   total 194560K, used 125839K [0x0000000743200000, 0x0000000800000000)
  region size 2048K, 57 young (116736K), 1 survivors (2048K)
 Metaspace       used 14122K, committed 14400K, reserved 1114112K
  class space    used 1529K, committed 1664K, reserved 1048576K
}
Event: 19.487 GC heap after
{Heap after GC invocations=3 (full 0):
 garbage-first heap   total 194560K, used 13861K [0x0000000743200000, 0x0000000800000000)
  region size 2048K, 1 young (2048K), 1 survivors (2048K)
 Metaspace       used 14122K, committed 14400K, reserved 1114112K
  class space    used 1529K, committed 1664K, reserved 1048576K
}
Event: 21.373 GC heap before
{Heap before GC invocations=3 (full 0):
 garbage-first heap   total 194560K, used 126501K [0x0000000743200000, 0x0000000800000000)
  region size 2048K, 57 young (116736K), 1 survivors (2048K)
 Metaspace       used 14158K, committed 14464K, reserved 1114112K
  class space    used 1529K, committed 1664K, reserved 1048576K
}
Event: 21.375 GC heap after
{Heap after GC invocations=4 (full 0):
 garbage-first heap   total 194560K, used 12887K [0x0000000743200000, 0x0000000800000000)
  region size 2048K, 1 young (2048K), 1 survivors (2048K)
 Metaspace       used 14158K, committed 14464K, reserved 1114112K
  class space    used 1529K, committed 1664K, reserved 1048576K
}
Event: 23.244 GC heap before
{Heap before GC invocations=4 (full 0):
 garbage-first heap   total 194560K, used 125527K [0x0000000743200000, 0x0000000800000000)
  region size 2048K, 57 young (116736K), 1 survivors (2048K)
 Metaspace       used 14178K, committed 14464K, reserved 1114112K
  class space    used 1529K, committed 1664K, reserved 1048576K
}
Event: 23.245 GC heap after
{Heap after GC invocations=5 (full 0):
 garbage-first heap   total 194560K, used 12881K [0x0000000743200000, 0x0000000800000000)
  region size 2048K, 1 young (2048K), 1 survivors (2048K)
 Metaspace       used 14178K, committed 14464K, reserved 1114112K
  class space    used 1529K, committed 1664K, reserved 1048576K
}

